<?xml version="1.0" encoding="UTF-8"?>
<!-- Generated by org.testng.reporters.JUnitXMLReporter -->
<testsuite ignored="0" hostname="DESKTOP-347SN46" failures="0" tests="8" name="Default test" time="65.023" errors="0" timestamp="2024-09-19T14:13:17 GST">
  <testcase classname="derivResponsiveTesting.ResponsiveTest" name="validateResponsive" time="8.313"/>
  <testcase classname="derivResponsiveTesting.ResponsiveTest" name="validateResponsive" time="8.153"/>
  <testcase classname="derivResponsiveTesting.ResponsiveTest" name="validateResponsive" time="7.929"/>
  <testcase classname="derivResponsiveTesting.ResponsiveTest" name="validateResponsive" time="8.038"/>
  <testcase classname="derivResponsiveTesting.ResponsiveTest" name="validateResponsive" time="8.514"/>
  <testcase classname="derivResponsiveTesting.ResponsiveTest" name="validateResponsive" time="7.992"/>
  <testcase classname="derivResponsiveTesting.ResponsiveTest" name="validateResponsive" time="7.662"/>
  <testcase classname="derivResponsiveTesting.ResponsiveTest" name="validateResponsive" time="7.259"/>
</testsuite> <!-- Default test -->
